[2018/04/27 08:19:10 AM]-
[2018/04/27 08:19:10 AM]-Begin processing.
[2018/04/27 08:19:10 AM]-Running QI_GPC_PROMOTION.import version: 1074.15
[2018/04/27 08:19:10 AM]-Import Directory: /ei_dataload/dl/imp
[2018/04/27 08:19:10 AM]-Opened Log file NAPA_ItemPromotion.log
[2018/04/27 08:19:10 AM]-Opened Reject file NAPA_ItemPromotion.rjt
[2018/04/27 08:19:10 AM]-Opened file NAPA_ItemPromotion.out
[2018/04/27 08:21:02 AM]-Processing errors, please see "NAPA_ItemPromotion.rjt" for more information.
[2018/04/27 08:21:02 AM]-Total records read: 20732
[2018/04/27 08:21:02 AM]-Total errors encountered: 1385
[2019/01/03 11:48:14 AM]-
[2019/01/03 11:48:14 AM]-Begin processing.
[2019/01/03 11:48:14 AM]-Running QI_GPC_PROMOTION.import version: 1074.15
[2019/01/03 11:48:14 AM]-Import Directory: /ei_dataload/dl/imp
[2019/01/03 11:48:14 AM]-Opened Log file NAPA_ItemPromotion.log
[2019/01/03 11:48:14 AM]-Opened Reject file NAPA_ItemPromotion.rjt
[2019/01/03 11:48:14 AM]-Opened file NAPA_ItemPromotion.out
[2019/01/03 11:52:58 AM]-Total records read: 14405
[2019/01/03 11:52:58 AM]-Total errors encountered: 0
[2019/01/04 08:37:42 AM]-
[2019/01/04 08:37:42 AM]-Begin processing.
[2019/01/04 08:37:42 AM]-Running QI_GPC_PROMOTION.import version: 1074.15
[2019/01/04 08:37:42 AM]-Import Directory: /ei_dataload/dl/imp
[2019/01/04 08:37:42 AM]-Opened Log file NAPA_ItemPromotion.log
[2019/01/04 08:37:42 AM]-Opened Reject file NAPA_ItemPromotion.rjt
[2019/01/04 08:37:42 AM]-Opened file NAPA_ItemPromotion.out
[2019/01/04 08:41:56 AM]-Total records read: 14405
[2019/01/04 08:41:56 AM]-Total errors encountered: 0
Manoj kumar Mohan M-----nnnnnnnjjjjjjjjj
